<?xml version="1.0" encoding="UTF-8"?>
<coverage generated="1665555044825" clover="3.2.0">
  <project timestamp="1665555044825" name="All files">
    <metrics statements="21" coveredstatements="17" conditionals="10" coveredconditionals="7" methods="11" coveredmethods="6" elements="42" coveredelements="30" complexity="0" loc="21" ncloc="21" packages="2" files="6" classes="6"/>
    <package name="components">
      <metrics statements="2" coveredstatements="2" conditionals="10" coveredconditionals="7" methods="1" coveredmethods="1"/>
      <file name="Navigation.js" path="/Users/learnacademy/Desktop/gym-rat-deals/app/javascript/components/components/Navigation.js">
        <metrics statements="2" coveredstatements="2" conditionals="10" coveredconditionals="7" methods="1" coveredmethods="1"/>
        <line num="5" count="1" type="stmt"/>
        <line num="12" count="2" type="stmt"/>
      </file>
    </package>
    <package name="pages">
      <metrics statements="19" coveredstatements="15" conditionals="0" coveredconditionals="0" methods="10" coveredmethods="5"/>
      <file name="GymIndex.js" path="/Users/learnacademy/Desktop/gym-rat-deals/app/javascript/components/pages/GymIndex.js">
        <metrics statements="3" coveredstatements="2" conditionals="0" coveredconditionals="0" methods="2" coveredmethods="1"/>
        <line num="6" count="1" type="stmt"/>
        <line num="7" count="1" type="stmt"/>
        <line num="11" count="0" type="stmt"/>
      </file>
      <file name="GymNew.js" path="/Users/learnacademy/Desktop/gym-rat-deals/app/javascript/components/pages/GymNew.js">
        <metrics statements="8" coveredstatements="6" conditionals="0" coveredconditionals="0" methods="3" coveredmethods="1"/>
        <line num="4" count="1" type="stmt"/>
        <line num="5" count="2" type="stmt"/>
        <line num="6" count="2" type="stmt"/>
        <line num="21" count="2" type="stmt"/>
        <line num="22" count="0" type="stmt"/>
        <line num="24" count="2" type="stmt"/>
        <line num="25" count="0" type="stmt"/>
        <line num="28" count="2" type="stmt"/>
      </file>
      <file name="Home.js" path="/Users/learnacademy/Desktop/gym-rat-deals/app/javascript/components/pages/Home.js">
        <metrics statements="2" coveredstatements="2" conditionals="0" coveredconditionals="0" methods="1" coveredmethods="1"/>
        <line num="5" count="1" type="stmt"/>
        <line num="6" count="2" type="stmt"/>
      </file>
      <file name="NotFound.js" path="/Users/learnacademy/Desktop/gym-rat-deals/app/javascript/components/pages/NotFound.js">
        <metrics statements="2" coveredstatements="2" conditionals="0" coveredconditionals="0" methods="1" coveredmethods="1"/>
        <line num="5" count="1" type="stmt"/>
        <line num="8" count="2" type="stmt"/>
      </file>
      <file name="ProtectedGymIndex.js" path="/Users/learnacademy/Desktop/gym-rat-deals/app/javascript/components/pages/ProtectedGymIndex.js">
        <metrics statements="4" coveredstatements="3" conditionals="0" coveredconditionals="0" methods="3" coveredmethods="1"/>
        <line num="7" count="1" type="stmt"/>
        <line num="8" count="4" type="stmt"/>
        <line num="9" count="4" type="stmt"/>
        <line num="14" count="0" type="stmt"/>
      </file>
    </package>
  </project>
</coverage>
