{"/Users/learnacademy/Desktop/gym-rat-deals/app/javascript/components/components/Navigation.js": {"path":"/Users/learnacademy/Desktop/gym-rat-deals/app/javascript/components/components/Navigation.js","statementMap":{"0":{"start":{"line":5,"column":19},"end":{"line":73,"column":1}},"1":{"start":{"line":12,"column":2},"end":{"line":72,"column":3}}},"fnMap":{"0":{"name":"(anonymous_0)","decl":{"start":{"line":5,"column":19},"end":{"line":5,"column":20}},"loc":{"start":{"line":11,"column":6},"end":{"line":73,"column":1}},"line":11}},"branchMap":{"0":{"loc":{"start":{"line":24,"column":9},"end":{"line":30,"column":11}},"type":"binary-expr","locations":[{"start":{"line":24,"column":9},"end":{"line":24,"column":18}},{"start":{"line":25,"column":10},"end":{"line":29,"column":20}}],"line":24},"1":{"loc":{"start":{"line":31,"column":11},"end":{"line":37,"column":11}},"type":"binary-expr","locations":[{"start":{"line":31,"column":11},"end":{"line":31,"column":20}},{"start":{"line":32,"column":10},"end":{"line":36,"column":20}}],"line":31},"2":{"loc":{"start":{"line":38,"column":15},"end":{"line":44,"column":13}},"type":"binary-expr","locations":[{"start":{"line":38,"column":15},"end":{"line":38,"column":24}},{"start":{"line":39,"column":14},"end":{"line":43,"column":24}}],"line":38},"3":{"loc":{"start":{"line":45,"column":9},"end":{"line":51,"column":9}},"type":"binary-expr","locations":[{"start":{"line":45,"column":9},"end":{"line":45,"column":19}},{"start":{"line":46,"column":10},"end":{"line":50,"column":20}}],"line":45},"4":{"loc":{"start":{"line":52,"column":9},"end":{"line":58,"column":9}},"type":"binary-expr","locations":[{"start":{"line":52,"column":9},"end":{"line":52,"column":19}},{"start":{"line":53,"column":10},"end":{"line":57,"column":20}}],"line":52}},"s":{"0":1,"1":2},"f":{"0":2},"b":{"0":[2,0],"1":[2,0],"2":[2,0],"3":[2,2],"4":[2,2]},"_coverageSchema":"1a1c01bbd47fc00a2c39e90264f33305004495a9","hash":"6910bf809e06a430f2504f2fbb82958e69977025"}
,"/Users/learnacademy/Desktop/gym-rat-deals/app/javascript/components/pages/GymIndex.js": {"path":"/Users/learnacademy/Desktop/gym-rat-deals/app/javascript/components/pages/GymIndex.js","statementMap":{"0":{"start":{"line":6,"column":17},"end":{"line":45,"column":1}},"1":{"start":{"line":7,"column":4},"end":{"line":44,"column":5}},"2":{"start":{"line":11,"column":16},"end":{"line":41,"column":17}}},"fnMap":{"0":{"name":"(anonymous_0)","decl":{"start":{"line":6,"column":17},"end":{"line":6,"column":18}},"loc":{"start":{"line":6,"column":31},"end":{"line":45,"column":1}},"line":6},"1":{"name":"(anonymous_1)","decl":{"start":{"line":10,"column":23},"end":{"line":10,"column":24}},"loc":{"start":{"line":10,"column":39},"end":{"line":42,"column":13}},"line":10}},"branchMap":{},"s":{"0":1,"1":1,"2":0},"f":{"0":1,"1":0},"b":{},"_coverageSchema":"1a1c01bbd47fc00a2c39e90264f33305004495a9","hash":"2446073fa19e0be9d224df460b2a64625e0b5496"}
,"/Users/learnacademy/Desktop/gym-rat-deals/app/javascript/components/pages/GymNew.js": {"path":"/Users/learnacademy/Desktop/gym-rat-deals/app/javascript/components/pages/GymNew.js","statementMap":{"0":{"start":{"line":4,"column":15},"end":{"line":87,"column":1}},"1":{"start":{"line":5,"column":4},"end":{"line":5,"column":43}},"2":{"start":{"line":6,"column":32},"end":{"line":20,"column":6}},"3":{"start":{"line":21,"column":25},"end":{"line":23,"column":5}},"4":{"start":{"line":22,"column":8},"end":{"line":22,"column":65}},"5":{"start":{"line":24,"column":25},"end":{"line":26,"column":5}},"6":{"start":{"line":25,"column":8},"end":{"line":25,"column":25}},"7":{"start":{"line":28,"column":4},"end":{"line":86,"column":5}}},"fnMap":{"0":{"name":"(anonymous_0)","decl":{"start":{"line":4,"column":15},"end":{"line":4,"column":16}},"loc":{"start":{"line":4,"column":48},"end":{"line":87,"column":1}},"line":4},"1":{"name":"(anonymous_1)","decl":{"start":{"line":21,"column":25},"end":{"line":21,"column":26}},"loc":{"start":{"line":21,"column":32},"end":{"line":23,"column":5}},"line":21},"2":{"name":"(anonymous_2)","decl":{"start":{"line":24,"column":25},"end":{"line":24,"column":26}},"loc":{"start":{"line":24,"column":31},"end":{"line":26,"column":5}},"line":24}},"branchMap":{},"s":{"0":1,"1":2,"2":2,"3":2,"4":0,"5":2,"6":0,"7":2},"f":{"0":2,"1":0,"2":0},"b":{},"_coverageSchema":"1a1c01bbd47fc00a2c39e90264f33305004495a9","hash":"61a81f60e17d0f08686efef450c1e7b39a479811"}
,"/Users/learnacademy/Desktop/gym-rat-deals/app/javascript/components/pages/Home.js": {"path":"/Users/learnacademy/Desktop/gym-rat-deals/app/javascript/components/pages/Home.js","statementMap":{"0":{"start":{"line":5,"column":13},"end":{"line":24,"column":1}},"1":{"start":{"line":6,"column":2},"end":{"line":23,"column":7}}},"fnMap":{"0":{"name":"(anonymous_0)","decl":{"start":{"line":5,"column":13},"end":{"line":5,"column":14}},"loc":{"start":{"line":5,"column":19},"end":{"line":24,"column":1}},"line":5}},"branchMap":{},"s":{"0":1,"1":2},"f":{"0":2},"b":{},"_coverageSchema":"1a1c01bbd47fc00a2c39e90264f33305004495a9","hash":"ea91ab3bb432cae3bdd03821a532895214a30331"}
,"/Users/learnacademy/Desktop/gym-rat-deals/app/javascript/components/pages/NotFound.js": {"path":"/Users/learnacademy/Desktop/gym-rat-deals/app/javascript/components/pages/NotFound.js","statementMap":{"0":{"start":{"line":5,"column":21},"end":{"line":14,"column":5}},"1":{"start":{"line":8,"column":4},"end":{"line":13,"column":5}}},"fnMap":{"0":{"name":"(anonymous_0)","decl":{"start":{"line":5,"column":21},"end":{"line":5,"column":22}},"loc":{"start":{"line":5,"column":27},"end":{"line":14,"column":5}},"line":5}},"branchMap":{},"s":{"0":1,"1":2},"f":{"0":2},"b":{},"_coverageSchema":"1a1c01bbd47fc00a2c39e90264f33305004495a9","hash":"b31e033f61950420b1a0fec85127b30d4f31d06b"}
,"/Users/learnacademy/Desktop/gym-rat-deals/app/javascript/components/pages/ProtectedGymIndex.js": {"path":"/Users/learnacademy/Desktop/gym-rat-deals/app/javascript/components/pages/ProtectedGymIndex.js","statementMap":{"0":{"start":{"line":7,"column":26},"end":{"line":56,"column":1}},"1":{"start":{"line":8,"column":23},"end":{"line":8,"column":75}},"2":{"start":{"line":8,"column":43},"end":{"line":8,"column":74}},"3":{"start":{"line":9,"column":4},"end":{"line":55,"column":5}},"4":{"start":{"line":14,"column":20},"end":{"line":51,"column":21}}},"fnMap":{"0":{"name":"(anonymous_0)","decl":{"start":{"line":7,"column":26},"end":{"line":7,"column":27}},"loc":{"start":{"line":7,"column":54},"end":{"line":56,"column":1}},"line":7},"1":{"name":"(anonymous_1)","decl":{"start":{"line":8,"column":36},"end":{"line":8,"column":37}},"loc":{"start":{"line":8,"column":43},"end":{"line":8,"column":74}},"line":8},"2":{"name":"(anonymous_2)","decl":{"start":{"line":13,"column":27},"end":{"line":13,"column":28}},"loc":{"start":{"line":13,"column":43},"end":{"line":52,"column":17}},"line":13}},"branchMap":{},"s":{"0":1,"1":4,"2":0,"3":4,"4":0},"f":{"0":4,"1":0,"2":0},"b":{},"_coverageSchema":"1a1c01bbd47fc00a2c39e90264f33305004495a9","hash":"524d32db9ddae93c2d072221aea3ac419c178fc1"}
}
