TN:
SF:app/javascript/components/components/Navigation.js
FN:5,(anonymous_0)
FNF:1
FNH:1
FNDA:2,(anonymous_0)
DA:5,1
DA:12,2
LF:2
LH:2
BRDA:24,0,0,2
BRDA:24,0,1,0
BRDA:31,1,0,2
BRDA:31,1,1,0
BRDA:38,2,0,2
BRDA:38,2,1,0
BRDA:45,3,0,2
BRDA:45,3,1,2
BRDA:52,4,0,2
BRDA:52,4,1,2
BRF:10
BRH:7
end_of_record
TN:
SF:app/javascript/components/pages/GymEdit.js
FN:5,(anonymous_0)
FN:8,(anonymous_1)
FN:27,(anonymous_2)
FN:30,(anonymous_3)
FNF:4
FNH:2
FNDA:1,(anonymous_0)
FNDA:1,(anonymous_1)
FNDA:0,(anonymous_2)
FNDA:0,(anonymous_3)
DA:5,1
DA:6,1
DA:7,1
DA:8,1
DA:10,1
DA:27,1
DA:28,0
DA:30,1
DA:31,0
DA:34,1
LF:10
LH:8
BRF:0
BRH:0
end_of_record
TN:
SF:app/javascript/components/pages/GymIndex.js
FN:6,(anonymous_0)
FN:10,(anonymous_1)
FNF:2
FNH:1
FNDA:1,(anonymous_0)
FNDA:0,(anonymous_1)
DA:6,1
DA:7,1
DA:11,0
LF:3
LH:2
BRF:0
BRH:0
end_of_record
TN:
SF:app/javascript/components/pages/GymNew.js
FN:5,(anonymous_0)
FN:23,(anonymous_1)
FN:26,(anonymous_2)
FNF:3
FNH:1
FNDA:2,(anonymous_0)
FNDA:0,(anonymous_1)
FNDA:0,(anonymous_2)
DA:5,1
DA:6,2
DA:7,2
DA:8,2
DA:23,2
DA:24,0
DA:26,2
DA:27,0
DA:28,0
DA:29,0
DA:32,2
LF:11
LH:7
BRF:0
BRH:0
end_of_record
TN:
SF:app/javascript/components/pages/GymShow.js
FN:6,(anonymous_0)
FN:8,(anonymous_1)
FNF:2
FNH:2
FNDA:1,(anonymous_0)
FNDA:1,(anonymous_1)
DA:6,1
DA:7,1
DA:8,1
DA:14,1
LF:4
LH:4
BRF:0
BRH:0
end_of_record
TN:
SF:app/javascript/components/pages/Home.js
FN:5,(anonymous_0)
FNF:1
FNH:1
FNDA:2,(anonymous_0)
DA:5,1
DA:6,2
LF:2
LH:2
BRF:0
BRH:0
end_of_record
TN:
SF:app/javascript/components/pages/NotFound.js
FN:5,(anonymous_0)
FNF:1
FNH:1
FNDA:2,(anonymous_0)
DA:5,1
DA:8,2
LF:2
LH:2
BRF:0
BRH:0
end_of_record
TN:
SF:app/javascript/components/pages/ProtectedGymIndex.js
FN:7,(anonymous_0)
FN:8,(anonymous_1)
FN:13,(anonymous_2)
FNF:3
FNH:1
FNDA:4,(anonymous_0)
FNDA:0,(anonymous_1)
FNDA:0,(anonymous_2)
DA:7,1
DA:8,4
DA:9,4
DA:14,0
LF:4
LH:3
BRF:0
BRH:0
end_of_record
